<?xml version="1.0" encoding="UTF-8"?>
<!-- Generated by org.testng.reporters.JUnitReportReporter -->
<testsuite hostname="TYSS-Sunil" failures="0" tests="5" name="com.exceloperations.demo.b_RealScenario" time="41.973" errors="0" timestamp="2023-10-20T09:05:21 IST" skipped="0">
  <testcase classname="com.exceloperations.demo.b_RealScenario" name="TestCase_1" time="12.565"/>
  <testcase classname="com.exceloperations.demo.b_RealScenario" name="TestCase_1" time="9.845"/>
  <testcase classname="com.exceloperations.demo.b_RealScenario" name="TestCase_1" time="9.798"/>
  <testcase classname="com.exceloperations.demo.b_RealScenario" name="TestCase_1" time="0.004"/>
  <testcase classname="com.exceloperations.demo.b_RealScenario" name="TestCase_1" time="9.761"/>
</testsuite> <!-- com.exceloperations.demo.b_RealScenario -->
